<?xml version="1.0" encoding="UTF-8"?>
<!-- Generated by org.testng.reporters.JUnitReportReporter -->
<testsuite hostname="LPT1627-B1" failures="0" tests="2"
	name="com.orangehrm.tests.VerifyGenaralInformationPage" time="19.765"
	errors="0" timestamp="2024-12-09T12:04:27 IST" skipped="0">
	<testcase
		classname="com.orangehrm.tests.VerifyGenaralInformationPage"
		name="verify_if_a_user_can_able_to_to_edit_and_save_the_general_information"
		time="9.857" />
	<testcase
		classname="com.orangehrm.tests.VerifyGenaralInformationPage"
		name="verifyGenaralinfoPage" time="9.908" />
</testsuite> <!-- com.orangehrm.tests.VerifyGenaralInformationPage -->
