<?xml version="1.0" encoding="UTF-8"?>
<!-- Generated by org.testng.reporters.JUnitReportReporter -->
<testsuite hostname="LPT1627-B1" failures="0" tests="1" name="com.orangehrm.tests.LoginTest" time="7.082" errors="0" timestamp="2024-12-24T16:43:38 IST" skipped="0">
  <testcase classname="com.orangehrm.tests.LoginTest" name="verifyLoginError" time="7.082">
    <system-out>
      <![CDATA[Test: verifyLoginError]]>
    </system-out>
  </testcase> <!-- verifyLoginError -->
  <system-out>
    <![CDATA[Test: verifyLoginError]]>
  </system-out>
</testsuite> <!-- com.orangehrm.tests.LoginTest -->
