<?xml version="1.0" encoding="UTF-8"?>
<!-- Generated by org.testng.reporters.JUnitReportReporter -->
<testsuite hostname="LPT1627-B1" failures="0" tests="1"
	name="com.orangehrm.tests.VerifyOrangeHRMWesitePage" time="9.769"
	errors="0" timestamp="2024-12-15T15:26:05 IST" skipped="0">
	<testcase
		classname="com.orangehrm.tests.VerifyOrangeHRMWesitePage"
		name="verifyWebsitePage" time="9.769">
		<system-out>
      <![CDATA[Test: verifyWebsitePage]]>
		</system-out>
	</testcase> <!-- verifyWebsitePage -->
	<system-out>
    <![CDATA[Test: verifyWebsitePage]]>
	</system-out>
</testsuite> <!-- com.orangehrm.tests.VerifyOrangeHRMWesitePage -->
