<?xml version="1.0" encoding="UTF-8"?>
<!-- Generated by org.testng.reporters.JUnitReportReporter -->
<testsuite hostname="LPT1627-B1" failures="0" tests="1"
	name="com.orangehrm.tests.ApplyLeaveTest" time="49.034" errors="0"
	timestamp="2024-12-23T21:30:39 IST" skipped="0">
	<testcase classname="com.orangehrm.tests.ApplyLeaveTest"
		name="applyLeaveApplication" time="49.034">
		<system-out>
      <![CDATA[Test: applyLeaveApplication]]>
		</system-out>
	</testcase> <!-- applyLeaveApplication -->
	<system-out>
    <![CDATA[Test: verifyGenaralinfoPage
Test: verify_if_a_user_can_able_to_to_edit_and_save_the_general_information
Test: verifyAddandDeleteEducation
Test: applyLeaveApplication
Test: verifyTimeSheetSubmission
Test: verifyLoginError
Test: successfullLogin]]>
	</system-out>
</testsuite> <!-- com.orangehrm.tests.ApplyLeaveTest -->
