<?xml version="1.0" encoding="UTF-8"?>
<!-- Generated by org.testng.reporters.JUnitReportReporter -->
<testsuite hostname="LPT1627-B1" failures="0" tests="1" name="dataDriven.ReadExcelData" time="1.173" errors="0" timestamp="2024-12-24T15:24:08 IST" skipped="0">
  <testcase classname="dataDriven.ReadExcelData" name="getColData" time="1.173">
    <system-out>
      <![CDATA[Test: getColData]]>
    </system-out>
  </testcase> <!-- getColData -->
  <system-out>
    <![CDATA[Test: getColData]]>
  </system-out>
</testsuite> <!-- dataDriven.ReadExcelData -->
