<?xml version="1.0" encoding="UTF-8"?>
<!-- Generated by org.testng.reporters.JUnitReportReporter -->
<testsuite hostname="LPT1627-B1" failures="0" tests="1"
	name="com.orangehrm.tests.VerifyQualificationPage" time="18.782"
	errors="0" timestamp="2024-12-09T12:11:52 IST" skipped="0">
	<testcase
		classname="com.orangehrm.tests.VerifyQualificationPage"
		name="verifyAddandDeleteEducation" time="18.782" />
</testsuite> <!-- com.orangehrm.tests.VerifyQualificationPage -->
